[Thu May 21 11:13:20 AM JST 2026] Syncing agents and SKILL.md...
[main 4de41d5] Auto‑sync latest agents & SKILL.md
 5 files changed, 73 insertions(+), 7 deletions(-)
 create mode 100755 watch_and_sync.sh
 create mode 100644 watcher.log
To https://github.com/nikjp2021/Articles-AG.git
 * [new branch]      main -> main
[Thu May 21 11:13:26 AM JST 2026] Sync complete.
[Thu May 21 11:13:28 AM JST 2026] Syncing agents and SKILL.md...
[main f2dd00c] Auto‑sync latest agents & SKILL.md
 1 file changed, 8 insertions(+)
To https://github.com/nikjp2021/Articles-AG.git
   4de41d5..f2dd00c  main -> main
[Thu May 21 11:13:29 AM JST 2026] Sync complete.
[Thu May 21 11:13:31 AM JST 2026] Syncing agents and SKILL.md...
[main f0bf60c] Auto‑sync latest agents & SKILL.md
 1 file changed, 6 insertions(+)
To https://github.com/nikjp2021/Articles-AG.git
   f2dd00c..f0bf60c  main -> main
[Thu May 21 11:13:32 AM JST 2026] Sync complete.
[Thu May 21 11:13:34 AM JST 2026] Syncing agents and SKILL.md...
[main a2c9410] Auto‑sync latest agents & SKILL.md
 1 file changed, 6 insertions(+)
To https://github.com/nikjp2021/Articles-AG.git
   f0bf60c..a2c9410  main -> main
[Thu May 21 11:13:36 AM JST 2026] Sync complete.
[Thu May 21 11:13:38 AM JST 2026] Syncing agents and SKILL.md...
[main dbc3d47] Auto‑sync latest agents & SKILL.md
 1 file changed, 6 insertions(+)
To https://github.com/nikjp2021/Articles-AG.git
   a2c9410..dbc3d47  main -> main
[Thu May 21 11:13:39 AM JST 2026] Sync complete.
[Thu May 21 11:13:41 AM JST 2026] Syncing agents and SKILL.md...
[main b874bea] Auto‑sync latest agents & SKILL.md
 1 file changed, 6 insertions(+)
To https://github.com/nikjp2021/Articles-AG.git
   dbc3d47..b874bea  main -> main
[Thu May 21 11:13:43 AM JST 2026] Sync complete.
[Thu May 21 11:13:45 AM JST 2026] Syncing agents and SKILL.md...
[main 226e488] Auto‑sync latest agents & SKILL.md
 1 file changed, 6 insertions(+)
To https://github.com/nikjp2021/Articles-AG.git
   b874bea..226e488  main -> main
[Thu May 21 11:13:46 AM JST 2026] Sync complete.
[Thu May 21 11:13:48 AM JST 2026] Syncing agents and SKILL.md...
[main cff6d58] Auto‑sync latest agents & SKILL.md
 1 file changed, 6 insertions(+)
To https://github.com/nikjp2021/Articles-AG.git
   226e488..cff6d58  main -> main
[Thu May 21 11:13:50 AM JST 2026] Sync complete.
[Thu May 21 11:13:52 AM JST 2026] Syncing agents and SKILL.md...
[main 84245e8] Auto‑sync latest agents & SKILL.md
 1 file changed, 6 insertions(+)
To https://github.com/nikjp2021/Articles-AG.git
   cff6d58..84245e8  main -> main
[Thu May 21 11:13:53 AM JST 2026] Sync complete.
[Thu May 21 11:13:55 AM JST 2026] Syncing agents and SKILL.md...
